[NOTICE]: 2020-07-30/13:14:21 file 子进程ID：15546
[NOTICE]: 2020-07-30/13:14:21 http 子进程ID：15547
[NOTICE]: 2020-07-30/13:14:21 redis 子进程ID：15548
[NOTICE]: 2020-07-30/13:14:21 mysql 子进程ID：15549
[NOTICE]: 2020-07-30/13:14:21 mysql监控的子进程ID：15549已经退出,状态码：0
[NOTICE]: 2020-07-30/13:15:10 file 子进程ID：15757
[NOTICE]: 2020-07-30/13:15:10 http 子进程ID：15758
[NOTICE]: 2020-07-30/13:15:10 redis 子进程ID：15759
[NOTICE]: 2020-07-30/13:15:10 mysql 子进程ID：15760
[NOTICE]: 2020-07-30/13:19:40 file 子进程ID：16324
[NOTICE]: 2020-07-30/13:19:40 http 子进程ID：16325
[NOTICE]: 2020-07-30/13:19:40 redis 子进程ID：16326
[NOTICE]: 2020-07-30/13:19:40 mysql 子进程ID：16327
[NOTICE]: 2020-07-30/13:21:20 file 子进程ID：16584
[NOTICE]: 2020-07-30/13:21:20 http 子进程ID：16585
[NOTICE]: 2020-07-30/13:21:20 redis 子进程ID：16586
[NOTICE]: 2020-07-30/13:21:20 mysql 子进程ID：16587
[NOTICE]: 2020-07-30/13:26:47 file 子进程ID：17307
[NOTICE]: 2020-07-30/13:26:47 http 子进程ID：17308
[NOTICE]: 2020-07-30/13:26:47 redis 子进程ID：17309
[NOTICE]: 2020-07-30/13:26:47 mysql 子进程ID：17310
[NOTICE]: 2020-07-30/13:31:13 file 子进程ID：17913
[NOTICE]: 2020-07-30/13:31:13 http 子进程ID：17914
[NOTICE]: 2020-07-30/13:31:13 redis 子进程ID：17915
[NOTICE]: 2020-07-30/13:31:13 mysql 子进程ID：17916
[NOTICE]: 2020-07-30/13:32:49 file 子进程ID：18140
[NOTICE]: 2020-07-30/13:32:49 http 子进程ID：18141
[NOTICE]: 2020-07-30/13:32:49 redis 子进程ID：18142
[NOTICE]: 2020-07-30/13:32:49 mysql 子进程ID：18143
[NOTICE]: 2020-07-30/13:38:22 file 子进程ID：18894
[NOTICE]: 2020-07-30/13:38:22 http 子进程ID：18895
[NOTICE]: 2020-07-30/13:38:22 redis 子进程ID：18896
[NOTICE]: 2020-07-30/13:38:22 mysql 子进程ID：18897
[NOTICE]: 2020-07-30/13:44:34 file 子进程ID：19718
[NOTICE]: 2020-07-30/13:44:34 http 子进程ID：19719
[NOTICE]: 2020-07-30/13:44:34 redis 子进程ID：19720
[NOTICE]: 2020-07-30/13:44:34 mysql 子进程ID：19721
[NOTICE]: 2020-07-30/13:50:58 file 子进程ID：21536
[NOTICE]: 2020-07-30/13:50:58 http 子进程ID：21537
[NOTICE]: 2020-07-30/13:50:58 redis 子进程ID：21538
[NOTICE]: 2020-07-30/13:50:58 mysql 子进程ID：21539
[NOTICE]: 2020-07-31/13:44:17 file 子进程ID：29994
[NOTICE]: 2020-07-31/13:44:17 http 子进程ID：29995
[NOTICE]: 2020-07-31/13:44:17 redis 子进程ID：29996
[NOTICE]: 2020-07-31/13:44:17 mysql 子进程ID：29997
[NOTICE]: 2020-07-31/13:44:17 redis监控的子进程ID：29996已经退出,状态码：255
[NOTICE]: 2020-07-31/13:44:17 mysql监控的子进程ID：29997已经退出,状态码：255
[NOTICE]: 2020-07-31/13:44:57 file 子进程ID：30095
[NOTICE]: 2020-07-31/13:44:57 http 子进程ID：30096
[NOTICE]: 2020-07-31/13:44:57 redis 子进程ID：30097
[NOTICE]: 2020-07-31/13:44:57 mysql 子进程ID：30098
